Objective: Set up user accounts and configure secure access controls for the new developers.    
Create User Accounts:   
ubuntu@ip-172-31-92-10:~$ sudo adduser sarah
info: Adding user `sarah' ...
info: Selecting UID/GID from range 1000 to 59999 ...
info: Adding new group `sarah' (1001) ...
info: Adding new user `sarah' (1001) with group `sarah (1001)' ...
info: Creating home directory `/home/sarah' ...
info: Copying files from `/etc/skel' ...
New password:
Retype new password:
passwd: password updated successfully
Changing the user information for sarah
Enter the new value, or press ENTER for the default
	Full Name []: Sarah
	Room Number []:
	Work Phone []:
	Home Phone []:
	Other []:
Is the information correct? [Y/n] Y
info: Adding new user `sarah' to supplemental / extra groups `users' ...
info: Adding user `sarah' to group `users' ...
ubuntu@ip-172-31-92-10:~$
# Verify the user account creation
ubuntu@ip-172-31-92-10:~$ id sarah
ubuntu@ip-172-31-92-10:~$ id sarah
uid=1001(sarah) gid=1001(sarah) groups=1001(sarah),100(users)
# The command id sarah displays the user ID (uid), group ID (gid), and groups associated with the user sarah.

# Create another user account for the second developer

ubuntu@ip-172-31-92-10:~$ sudo adduser mike
info: Adding user `mike' ...
info: Selecting UID/GID from range 1000 to 59999 ...
info: Adding new group `mike' (1002) ...
info: Adding new user `mike' (1002) with group `mike (1002)' ...
info: Creating home directory `/home/mike' ...
info: Copying files from `/etc/skel' ...
New password:
Retype new password:
passwd: password updated successfully
Changing the user information for mike
Enter the new value, or press ENTER for the default
	Full Name []: Mike
	Room Number []:
	Work Phone []:
	Home Phone []:
	Other []:
Is the information correct? [Y/n] Y
info: Adding new user `mike' to supplemental / extra groups `users' ...
info: Adding user `mike' to group `users' ...
ubuntu@ip-172-31-92-10:~$
# Verify the user account creation
ubuntu@ip-172-31-92-10:~$ id mike
uid=1002(mike) gid=1002(mike) groups=1002(mike),100(users)
# The command id mike displays the user ID (uid), group ID (gid), and groups associated with the user mike.
